WebappLoader[]: Deploying class repositories to work directory C:\Documents and Settings\j13155w\IBM\rationalsdp6.0\workspace\.metadata\.plugins\org.eclipse.tomcat\ROOT
ContextConfig[]: Added certificates -> request attribute Valve
StandardManager[]: Seeding random number generator class java.security.SecureRandom
StandardManager[]: Seeding of random number generator has been completed
StandardWrapper[:default]: Loading container servlet default
StandardWrapper[:invoker]: Loading container servlet invoker
CoyoteConnector Coyote can't register jmx for protocol
WebappLoader[/wsexplorer]: Deploying class repositories to work directory C:\Documents and Settings\j13155w\IBM\rationalsdp6.0\workspace\.metadata\.plugins\org.eclipse.tomcat\wsexplorer
WebappLoader[/wsexplorer]: Deploy class files /WEB-INF/classes to C:\Documents and Settings\j13155w\IBM\rationalsdp6.0\workspace\.metadata\.plugins\org.eclipse.tomcat\wsexplorer\WEB-INF\classes
ContextConfig[/wsexplorer]: Added certificates -> request attribute Valve
StandardManager[/wsexplorer]: Seeding random number generator class java.security.SecureRandom
StandardManager[/wsexplorer]: Seeding of random number generator has been completed
StandardManager[/wsexplorer] IOException while loading persisted sessions: java.io.EOFException
java.io.EOFException
	at java.io.ObjectInputStream$PeekInputStream.readFully(ObjectInputStream.java:2200)
	at java.io.ObjectInputStream$BlockDataInputStream.readShort(ObjectInputStream.java:2671)
	at java.io.ObjectInputStream.readStreamHeader(ObjectInputStream.java:767)
	at java.io.ObjectInputStream.<init>(ObjectInputStream.java:286)
	at org.apache.catalina.util.CustomObjectInputStream.<init>(CustomObjectInputStream.java:103)
	at org.apache.catalina.session.StandardManager.load(StandardManager.java:408)
	at org.apache.catalina.session.StandardManager.start(StandardManager.java:655)
	at org.apache.catalina.core.StandardContext.start(StandardContext.java:3590)
	at org.apache.catalina.core.ContainerBase.addChildInternal(ContainerBase.java:821)
	at org.apache.catalina.core.ContainerBase.addChild(ContainerBase.java:807)
	at org.apache.catalina.core.StandardHost.addChild(StandardHost.java:595)
	at org.eclipse.tomcat.internal.TomcatAppServer.start(TomcatAppServer.java:245)
	at org.eclipse.help.internal.appserver.WebappManager.start(Unknown Source)
	at com.ibm.etools.webservice.explorer.CatalinaRunnable.init(Unknown Source)
	at com.ibm.etools.webservice.explorer.CatalinaRunnable.getCatalinaRunnable(Unknown Source)
	at com.ibm.etools.webservice.explorer.internal.WSExplorer.getBaseURL(Unknown Source)
	at com.ibm.etools.webservice.explorer.internal.WSExplorer.launch(Unknown Source)
	at com.ibm.etools.webservice.ui.wse.LaunchWebServicesExplorerCommand.execute(Unknown Source)
	at com.ibm.env.command.fragment.CommandFragmentEngine.runCommand(Unknown Source)
	at com.ibm.env.command.fragment.CommandFragmentEngine.visitTop(Unknown Source)
	at com.ibm.env.command.fragment.CommandFragmentEngine.moveForwardToNextStop(Unknown Source)
	at com.ibm.env.widgets.SimpleCommandEngineManager$4.run(Unknown Source)
	at org.eclipse.jface.operation.ModalContext.runInCurrentThread(Unknown Source)
	at org.eclipse.jface.operation.ModalContext.run(Unknown Source)
	at org.eclipse.jface.wizard.WizardDialog.run(Unknown Source)
	at com.ibm.env.widgets.SimpleCommandEngineManager.runForwardToNextStop(Unknown Source)
	at com.ibm.env.internal.widgets.WizardPageManager.runForwardToNextStop(Unknown Source)
	at com.ibm.env.internal.widgets.WizardPageManager.performFinish(Unknown Source)
	at com.ibm.env.widgets.DynamicWizard.performFinish(Unknown Source)
	at org.eclipse.jface.wizard.WizardDialog.finishPressed(Unknown Source)
	at org.eclipse.jface.wizard.WizardDialog.buttonPressed(Unknown Source)
	at org.eclipse.jface.dialogs.Dialog$2.widgetSelected(Unknown Source)
	at org.eclipse.swt.widgets.TypedListener.handleEvent(Unknown Source)
	at org.eclipse.swt.widgets.EventTable.sendEvent(Unknown Source)
	at org.eclipse.swt.widgets.Widget.sendEvent(Unknown Source)
	at org.eclipse.swt.widgets.Display.runDeferredEvents(Unknown Source)
	at org.eclipse.swt.widgets.Display.readAndDispatch(Unknown Source)
	at org.eclipse.jface.window.Window.runEventLoop(Unknown Source)
	at org.eclipse.jface.window.Window.open(Unknown Source)
	at org.eclipse.ui.actions.ImportResourcesAction.run(Unknown Source)
	at org.eclipse.ui.actions.BaseSelectionListenerAction.runWithEvent(Unknown Source)
	at org.eclipse.jface.action.ActionContributionItem.handleWidgetSelection(Unknown Source)
	at org.eclipse.jface.action.ActionContributionItem.access$2(Unknown Source)
	at org.eclipse.jface.action.ActionContributionItem$7.handleEvent(Unknown Source)
	at org.eclipse.swt.widgets.EventTable.sendEvent(Unknown Source)
	at org.eclipse.swt.widgets.Widget.sendEvent(Unknown Source)
	at org.eclipse.swt.widgets.Display.runDeferredEvents(Unknown Source)
	at org.eclipse.swt.widgets.Display.readAndDispatch(Unknown Source)
	at org.eclipse.ui.internal.Workbench.runEventLoop(Unknown Source)
	at org.eclipse.ui.internal.Workbench.runUI(Unknown Source)
	at org.eclipse.ui.internal.Workbench.createAndRunWorkbench(Unknown Source)
	at org.eclipse.ui.PlatformUI.createAndRunWorkbench(Unknown Source)
	at org.eclipse.ui.internal.ide.IDEApplication.run(Unknown Source)
	at org.eclipse.core.internal.runtime.PlatformActivator$1.run(Unknown Source)
	at org.eclipse.core.runtime.adaptor.EclipseStarter.run(EclipseStarter.java:273)
	at org.eclipse.core.runtime.adaptor.EclipseStarter.run(EclipseStarter.java:129)
	at sun.reflect.NativeMethodAccessorImpl.invoke0(Native Method)
	at sun.reflect.NativeMethodAccessorImpl.invoke(NativeMethodAccessorImpl.java:85)
	at sun.reflect.NativeMethodAccessorImpl.invoke(NativeMethodAccessorImpl.java:58)
	at sun.reflect.DelegatingMethodAccessorImpl.invoke(DelegatingMethodAccessorImpl.java:60)
	at java.lang.reflect.Method.invoke(Method.java:391)
	at org.eclipse.core.launcher.Main.basicRun(Main.java:185)
	at org.eclipse.core.launcher.Main.run(Main.java:704)
	at org.eclipse.core.launcher.Main.main(Main.java:688)

StandardManager[/wsexplorer] Exception loading sessions from persistent storage
java.io.EOFException
	at java.io.ObjectInputStream$PeekInputStream.readFully(ObjectInputStream.java:2200)
	at java.io.ObjectInputStream$BlockDataInputStream.readShort(ObjectInputStream.java:2671)
	at java.io.ObjectInputStream.readStreamHeader(ObjectInputStream.java:767)
	at java.io.ObjectInputStream.<init>(ObjectInputStream.java:286)
	at org.apache.catalina.util.CustomObjectInputStream.<init>(CustomObjectInputStream.java:103)
	at org.apache.catalina.session.StandardManager.load(StandardManager.java:408)
	at org.apache.catalina.session.StandardManager.start(StandardManager.java:655)
	at org.apache.catalina.core.StandardContext.start(StandardContext.java:3590)
	at org.apache.catalina.core.ContainerBase.addChildInternal(ContainerBase.java:821)
	at org.apache.catalina.core.ContainerBase.addChild(ContainerBase.java:807)
	at org.apache.catalina.core.StandardHost.addChild(StandardHost.java:595)
	at org.eclipse.tomcat.internal.TomcatAppServer.start(TomcatAppServer.java:245)
	at org.eclipse.help.internal.appserver.WebappManager.start(Unknown Source)
	at com.ibm.etools.webservice.explorer.CatalinaRunnable.init(Unknown Source)
	at com.ibm.etools.webservice.explorer.CatalinaRunnable.getCatalinaRunnable(Unknown Source)
	at com.ibm.etools.webservice.explorer.internal.WSExplorer.getBaseURL(Unknown Source)
	at com.ibm.etools.webservice.explorer.internal.WSExplorer.launch(Unknown Source)
	at com.ibm.etools.webservice.ui.wse.LaunchWebServicesExplorerCommand.execute(Unknown Source)
	at com.ibm.env.command.fragment.CommandFragmentEngine.runCommand(Unknown Source)
	at com.ibm.env.command.fragment.CommandFragmentEngine.visitTop(Unknown Source)
	at com.ibm.env.command.fragment.CommandFragmentEngine.moveForwardToNextStop(Unknown Source)
	at com.ibm.env.widgets.SimpleCommandEngineManager$4.run(Unknown Source)
	at org.eclipse.jface.operation.ModalContext.runInCurrentThread(Unknown Source)
	at org.eclipse.jface.operation.ModalContext.run(Unknown Source)
	at org.eclipse.jface.wizard.WizardDialog.run(Unknown Source)
	at com.ibm.env.widgets.SimpleCommandEngineManager.runForwardToNextStop(Unknown Source)
	at com.ibm.env.internal.widgets.WizardPageManager.runForwardToNextStop(Unknown Source)
	at com.ibm.env.internal.widgets.WizardPageManager.performFinish(Unknown Source)
	at com.ibm.env.widgets.DynamicWizard.performFinish(Unknown Source)
	at org.eclipse.jface.wizard.WizardDialog.finishPressed(Unknown Source)
	at org.eclipse.jface.wizard.WizardDialog.buttonPressed(Unknown Source)
	at org.eclipse.jface.dialogs.Dialog$2.widgetSelected(Unknown Source)
	at org.eclipse.swt.widgets.TypedListener.handleEvent(Unknown Source)
	at org.eclipse.swt.widgets.EventTable.sendEvent(Unknown Source)
	at org.eclipse.swt.widgets.Widget.sendEvent(Unknown Source)
	at org.eclipse.swt.widgets.Display.runDeferredEvents(Unknown Source)
	at org.eclipse.swt.widgets.Display.readAndDispatch(Unknown Source)
	at org.eclipse.jface.window.Window.runEventLoop(Unknown Source)
	at org.eclipse.jface.window.Window.open(Unknown Source)
	at org.eclipse.ui.actions.ImportResourcesAction.run(Unknown Source)
	at org.eclipse.ui.actions.BaseSelectionListenerAction.runWithEvent(Unknown Source)
	at org.eclipse.jface.action.ActionContributionItem.handleWidgetSelection(Unknown Source)
	at org.eclipse.jface.action.ActionContributionItem.access$2(Unknown Source)
	at org.eclipse.jface.action.ActionContributionItem$7.handleEvent(Unknown Source)
	at org.eclipse.swt.widgets.EventTable.sendEvent(Unknown Source)
	at org.eclipse.swt.widgets.Widget.sendEvent(Unknown Source)
	at org.eclipse.swt.widgets.Display.runDeferredEvents(Unknown Source)
	at org.eclipse.swt.widgets.Display.readAndDispatch(Unknown Source)
	at org.eclipse.ui.internal.Workbench.runEventLoop(Unknown Source)
	at org.eclipse.ui.internal.Workbench.runUI(Unknown Source)
	at org.eclipse.ui.internal.Workbench.createAndRunWorkbench(Unknown Source)
	at org.eclipse.ui.PlatformUI.createAndRunWorkbench(Unknown Source)
	at org.eclipse.ui.internal.ide.IDEApplication.run(Unknown Source)
	at org.eclipse.core.internal.runtime.PlatformActivator$1.run(Unknown Source)
	at org.eclipse.core.runtime.adaptor.EclipseStarter.run(EclipseStarter.java:273)
	at org.eclipse.core.runtime.adaptor.EclipseStarter.run(EclipseStarter.java:129)
	at sun.reflect.NativeMethodAccessorImpl.invoke0(Native Method)
	at sun.reflect.NativeMethodAccessorImpl.invoke(NativeMethodAccessorImpl.java:85)
	at sun.reflect.NativeMethodAccessorImpl.invoke(NativeMethodAccessorImpl.java:58)
	at sun.reflect.DelegatingMethodAccessorImpl.invoke(DelegatingMethodAccessorImpl.java:60)
	at java.lang.reflect.Method.invoke(Method.java:391)
	at org.eclipse.core.launcher.Main.basicRun(Main.java:185)
	at org.eclipse.core.launcher.Main.run(Main.java:704)
	at org.eclipse.core.launcher.Main.main(Main.java:688)

StandardWrapper[/wsexplorer:default]: Loading container servlet default
StandardWrapper[/wsexplorer:invoker]: Loading container servlet invoker
